Determining if the pthread_create exist failed with the following output:
Change Dir: /home/dhomanhuri/catkin_ws_krti2020/build/CMakeFiles/CMakeTmp

Run Build Command:"/usr/bin/make" "cmTC_893cf/fast"
/usr/bin/make -f CMakeFiles/cmTC_893cf.dir/build.make CMakeFiles/cmTC_893cf.dir/build
make[1]: Entering directory '/home/dhomanhuri/catkin_ws_krti2020/build/CMakeFiles/CMakeTmp'
Building C object CMakeFiles/cmTC_893cf.dir/CheckSymbolExists.c.o
/usr/bin/cc     -o CMakeFiles/cmTC_893cf.dir/CheckSymbolExists.c.o   -c /home/dhomanhuri/catkin_ws_krti2020/build/CMakeFiles/CMakeTmp/CheckSymbolExists.c
Linking C executable cmTC_893cf
/usr/bin/cmake -E cmake_link_script CMakeFiles/cmTC_893cf.dir/link.txt --verbose=1
/usr/bin/cc       CMakeFiles/cmTC_893cf.dir/CheckSymbolExists.c.o  -o cmTC_893cf -rdynamic 
CMakeFiles/cmTC_893cf.dir/CheckSymbolExists.c.o: In function `main':
CheckSymbolExists.c:(.text+0x16): undefined reference to `pthread_create'
collect2: error: ld returned 1 exit status
CMakeFiles/cmTC_893cf.dir/build.make:97: recipe for target 'cmTC_893cf' failed
make[1]: *** [cmTC_893cf] Error 1
make[1]: Leaving directory '/home/dhomanhuri/catkin_ws_krti2020/build/CMakeFiles/CMakeTmp'
Makefile:126: recipe for target 'cmTC_893cf/fast' failed
make: *** [cmTC_893cf/fast] Error 2

File /home/dhomanhuri/catkin_ws_krti2020/build/CMakeFiles/CMakeTmp/CheckSymbolExists.c:
/* */
#include <pthread.h>

int main(int argc, char** argv)
{
  (void)argv;
#ifndef pthread_create
  return ((int*)(&pthread_create))[argc];
#else
  (void)argc;
  return 0;
#endif
}

Determining if the function pthread_create exists in the pthreads failed with the following output:
Change Dir: /home/dhomanhuri/catkin_ws_krti2020/build/CMakeFiles/CMakeTmp

Run Build Command:"/usr/bin/make" "cmTC_57521/fast"
/usr/bin/make -f CMakeFiles/cmTC_57521.dir/build.make CMakeFiles/cmTC_57521.dir/build
make[1]: Entering directory '/home/dhomanhuri/catkin_ws_krti2020/build/CMakeFiles/CMakeTmp'
Building C object CMakeFiles/cmTC_57521.dir/CheckFunctionExists.c.o
/usr/bin/cc    -DCHECK_FUNCTION_EXISTS=pthread_create   -o CMakeFiles/cmTC_57521.dir/CheckFunctionExists.c.o   -c /usr/share/cmake-3.5/Modules/CheckFunctionExists.c
Linking C executable cmTC_57521
/usr/bin/cmake -E cmake_link_script CMakeFiles/cmTC_57521.dir/link.txt --verbose=1
/usr/bin/cc   -DCHECK_FUNCTION_EXISTS=pthread_create    CMakeFiles/cmTC_57521.dir/CheckFunctionExists.c.o  -o cmTC_57521 -rdynamic -lpthreads 
/usr/bin/ld: cannot find -lpthreads
collect2: error: ld returned 1 exit status
CMakeFiles/cmTC_57521.dir/build.make:97: recipe for target 'cmTC_57521' failed
make[1]: *** [cmTC_57521] Error 1
make[1]: Leaving directory '/home/dhomanhuri/catkin_ws_krti2020/build/CMakeFiles/CMakeTmp'
Makefile:126: recipe for target 'cmTC_57521/fast' failed
make: *** [cmTC_57521/fast] Error 2


